<?xml version="1.0" encoding="UTF-8"?>
<!-- Generated by org.testng.reporters.JUnitXMLReporter -->
<testsuite ignored="0" hostname="BDC11-L-90ZDX33" failures="1" tests="2" name="chromeTest" time="32.796" errors="0" timestamp="2021-08-17T22:46:16 IST">
  <testcase classname="testCases.TC_001_AccountRegistration" name="accountReg" time="29.394"/>
  <testcase classname="testCases.TC_001_AccountRegistration" name="accountReg" time="29.413">
    <failure type="java.lang.NullPointerException" message="Cannot invoke &amp;quot;com.aventstack.extentreports.ExtentReports.createTest(String)&amp;quot; because &amp;quot;this.extent&amp;quot; is null">
      <![CDATA[java.lang.NullPointerException: Cannot invoke "com.aventstack.extentreports.ExtentReports.createTest(String)" because "this.extent" is null
at utilities.ExtentReportManager.onTestSuccess(ExtentReportManager.java:46)
at java.base/java.util.ArrayList.forEach(ArrayList.java:1511)
... Removed 24 stack frames]]>
    </failure>
  </testcase> <!-- accountReg -->
</testsuite> <!-- chromeTest -->
